生成启动时间为 2015/5/25 17:20:27。
     1>项目“F:\毕设源码\PedestrianDetect\PedestrianDetect\PedestrianDetect.vcxproj”在节点 2 上(Build 个目标)。
     1>ClCompile:
         C:\Program Files (x86)\Microsoft Visual Studio 11.0\VC\bin\CL.exe /c /ZI /nologo /W3 /WX- /Od /Oy- /D WIN32 /D _DEBUG /D _CONSOLE /D WIN32 /D _DEBUG /D _CONSOLE /D _CRT_SECURE_NO_WARNINGS /D _UNICODE /D UNICODE /Gm /EHsc /RTC1 /MDd /GS /fp:precise /Zc:wchar_t /Zc:forScope /Fo"Debug\\" /Fd"Debug\vc110.pdb" /Gd /TP /analyze- /errorReport:prompt main.cpp
         main.cpp
     1>f:\毕设源码\pedestriandetect\pedestriandetect\main.cpp(118): warning C4018: “<”: 有符号/无符号不匹配
     1>f:\毕设源码\pedestriandetect\pedestriandetect\main.cpp(121): warning C4018: “<”: 有符号/无符号不匹配
     1>f:\毕设源码\pedestriandetect\pedestriandetect\main.cpp(193): warning C4244: “初始化”: 从“double”转换到“float”，可能丢失数据
     1>f:\毕设源码\pedestriandetect\pedestriandetect\main.cpp(194): warning C4244: “初始化”: 从“double”转换到“float”，可能丢失数据
     1>f:\毕设源码\pedestriandetect\pedestriandetect\main.cpp(231): warning C4244: “初始化”: 从“double”转换到“long”，可能丢失数据
     1>f:\毕设源码\pedestriandetect\pedestriandetect\main.cpp(257): warning C4305: “初始化”: 从“double”到“float”截断
     1>f:\毕设源码\pedestriandetect\pedestriandetect\main.cpp(275): warning C4018: “<”: 有符号/无符号不匹配
     1>f:\毕设源码\pedestriandetect\pedestriandetect\main.cpp(279): warning C4018: “<”: 有符号/无符号不匹配
     1>f:\毕设源码\pedestriandetect\pedestriandetect\main.cpp(286): warning C4018: “<”: 有符号/无符号不匹配
     1>f:\毕设源码\pedestriandetect\pedestriandetect\main.cpp(309): warning C4018: “<”: 有符号/无符号不匹配
     1>f:\毕设源码\pedestriandetect\pedestriandetect\main.cpp(311): warning C4244: “参数”: 从“int”转换到“float”，可能丢失数据
     1>f:\毕设源码\pedestriandetect\pedestriandetect\main.cpp(312): warning C4244: “参数”: 从“int”转换到“float”，可能丢失数据
     1>f:\毕设源码\pedestriandetect\pedestriandetect\main.cpp(320): warning C4018: “<”: 有符号/无符号不匹配
     1>f:\毕设源码\pedestriandetect\pedestriandetect\main.cpp(331): warning C4244: “参数”: 从“double”转换到“int”，可能丢失数据
       Link:
         C:\Program Files (x86)\Microsoft Visual Studio 11.0\VC\bin\link.exe /ERRORREPORT:PROMPT /OUT:"F:\毕设源码\PedestrianDetect\Debug\PedestrianDetect.exe" /INCREMENTAL /NOLOGO opencv_ml248d.lib opencv_calib3d248d.lib opencv_contrib248d.lib opencv_core248d.lib opencv_features2d248d.lib opencv_flann248d.lib opencv_gpu248d.lib opencv_highgui248d.lib opencv_imgproc248d.lib opencv_legacy248d.lib opencv_objdetect248d.lib opencv_ts248d.lib opencv_video248d.lib opencv_nonfree248d.lib opencv_ocl248d.lib opencv_photo248d.lib opencv_stitching248d.lib opencv_superres248d.lib opencv_videostab248d.lib opencv_objdetect248.lib opencv_ts248.lib opencv_video248.lib opencv_nonfree248.lib opencv_ocl248.lib opencv_photo248.lib opencv_stitching248.lib opencv_superres248.lib opencv_videostab248.lib opencv_calib3d248.lib opencv_contrib248.lib opencv_core248.lib opencv_features2d248.lib opencv_flann248.lib opencv_gpu248.lib opencv_highgui248.lib opencv_imgproc248.lib opencv_legacy248.lib opencv_ml248.lib kernel32.lib user32.lib gdi32.lib winspool.lib comdlg32.lib advapi32.lib shell32.lib ole32.lib oleaut32.lib uuid.lib odbc32.lib odbccp32.lib /MANIFEST /MANIFESTUAC:"level='asInvoker' uiAccess='false'" /manifest:embed /DEBUG /PDB:"F:\毕设源码\PedestrianDetect\Debug\PedestrianDetect.pdb" /SUBSYSTEM:CONSOLE /TLBID:1 /DYNAMICBASE /NXCOMPAT /IMPLIB:"F:\毕设源码\PedestrianDetect\Debug\PedestrianDetect.lib" /MACHINE:X86 Debug\BackgroundSub.obj
         Debug\CCVFlagImage.obj
         Debug\CountourEx.obj
         Debug\DifficultTrain.obj
         Debug\FirstTrain.obj
         Debug\HistogramEq.obj
         Debug\Kalman.obj
         Debug\main.obj
         Debug\NegImageCrop.obj
         Debug\NoiceProcess.obj
         Debug\Otsu.obj
         Debug\PosImageScale.obj
         PedestrianDetect.vcxproj -> F:\毕设源码\PedestrianDetect\Debug\PedestrianDetect.exe
     1>已完成生成项目“F:\毕设源码\PedestrianDetect\PedestrianDetect\PedestrianDetect.vcxproj”(Build 个目标)的操作。

生成成功。

已用时间 00:00:02.59
